  FingerGrip.cpp
clapack15.0x64.lib(dgesdd.obj) : warning LNK4099: PDB '' was not found with 'clapack15.0x64.lib(dgesdd.obj)' or at ''; linking object as if no debug info
clapack15.0x64.lib(dgesv.obj) : warning LNK4099: PDB '' was not found with 'clapack15.0x64.lib(dgesv.obj)' or at ''; linking object as if no debug info
clapack15.0x64.lib(dgeqrf.obj) : warning LNK4099: PDB '' was not found with 'clapack15.0x64.lib(dgeqrf.obj)' or at ''; linking object as if no debug info
clapack15.0x64.lib(dorgqr.obj) : warning LNK4099: PDB '' was not found with 'clapack15.0x64.lib(dorgqr.obj)' or at ''; linking object as if no debug info
clapack15.0x64.lib(dsygvx.obj) : warning LNK4099: PDB '' was not found with 'clapack15.0x64.lib(dsygvx.obj)' or at ''; linking object as if no debug info
clapack15.0x64.lib(dgetrf.obj) : warning LNK4099: PDB '' was not found with 'clapack15.0x64.lib(dgetrf.obj)' or at ''; linking object as if no debug info
clapack15.0x64.lib(dgetri.obj) : warning LNK4099: PDB '' was not found with 'clapack15.0x64.lib(dgetri.obj)' or at ''; linking object as if no debug info
clapack15.0x64.lib(lsame.obj) : warning LNK4099: PDB '' was not found with 'clapack15.0x64.lib(lsame.obj)' or at ''; linking object as if no debug info
clapack15.0x64.lib(dbdsdc.obj) : warning LNK4099: PDB '' was not found with 'clapack15.0x64.lib(dbdsdc.obj)' or at ''; linking object as if no debug info
clapack15.0x64.lib(dgebrd.obj) : warning LNK4099: PDB '' was not found with 'clapack15.0x64.lib(dgebrd.obj)' or at ''; linking object as if no debug info
clapack15.0x64.lib(dlamch.obj) : warning LNK4099: PDB '' was not found with 'clapack15.0x64.lib(dlamch.obj)' or at ''; linking object as if no debug info
clapack15.0x64.lib(dlange.obj) : warning LNK4099: PDB '' was not found with 'clapack15.0x64.lib(dlange.obj)' or at ''; linking object as if no debug info
clapack15.0x64.lib(dgelqf.obj) : warning LNK4099: PDB '' was not found with 'clapack15.0x64.lib(dgelqf.obj)' or at ''; linking object as if no debug info
clapack15.0x64.lib(dlascl.obj) : warning LNK4099: PDB '' was not found with 'clapack15.0x64.lib(dlascl.obj)' or at ''; linking object as if no debug info
clapack15.0x64.lib(dlacpy.obj) : warning LNK4099: PDB '' was not found with 'clapack15.0x64.lib(dlacpy.obj)' or at ''; linking object as if no debug info
clapack15.0x64.lib(dlaset.obj) : warning LNK4099: PDB '' was not found with 'clapack15.0x64.lib(dlaset.obj)' or at ''; linking object as if no debug info
clapack15.0x64.lib(xerbla.obj) : warning LNK4099: PDB '' was not found with 'clapack15.0x64.lib(xerbla.obj)' or at ''; linking object as if no debug info
clapack15.0x64.lib(dorgbr.obj) : warning LNK4099: PDB '' was not found with 'clapack15.0x64.lib(dorgbr.obj)' or at ''; linking object as if no debug info
clapack15.0x64.lib(ilaenv.obj) : warning LNK4099: PDB '' was not found with 'clapack15.0x64.lib(ilaenv.obj)' or at ''; linking object as if no debug info
clapack15.0x64.lib(dormbr.obj) : warning LNK4099: PDB '' was not found with 'clapack15.0x64.lib(dormbr.obj)' or at ''; linking object as if no debug info
clapack15.0x64.lib(dorglq.obj) : warning LNK4099: PDB '' was not found with 'clapack15.0x64.lib(dorglq.obj)' or at ''; linking object as if no debug info
clapack15.0x64.lib(dgetrs.obj) : warning LNK4099: PDB '' was not found with 'clapack15.0x64.lib(dgetrs.obj)' or at ''; linking object as if no debug info
clapack15.0x64.lib(dgeqr2.obj) : warning LNK4099: PDB '' was not found with 'clapack15.0x64.lib(dgeqr2.obj)' or at ''; linking object as if no debug info
clapack15.0x64.lib(dlarfb.obj) : warning LNK4099: PDB '' was not found with 'clapack15.0x64.lib(dlarfb.obj)' or at ''; linking object as if no debug info
clapack15.0x64.lib(dlarft.obj) : warning LNK4099: PDB '' was not found with 'clapack15.0x64.lib(dlarft.obj)' or at ''; linking object as if no debug info
clapack15.0x64.lib(dorg2r.obj) : warning LNK4099: PDB '' was not found with 'clapack15.0x64.lib(dorg2r.obj)' or at ''; linking object as if no debug info
clapack15.0x64.lib(dpotrf.obj) : warning LNK4099: PDB '' was not found with 'clapack15.0x64.lib(dpotrf.obj)' or at ''; linking object as if no debug info
clapack15.0x64.lib(dsygst.obj) : warning LNK4099: PDB '' was not found with 'clapack15.0x64.lib(dsygst.obj)' or at ''; linking object as if no debug info
clapack15.0x64.lib(dsyevx.obj) : warning LNK4099: PDB '' was not found with 'clapack15.0x64.lib(dsyevx.obj)' or at ''; linking object as if no debug info
clapack15.0x64.lib(dgetf2.obj) : warning LNK4099: PDB '' was not found with 'clapack15.0x64.lib(dgetf2.obj)' or at ''; linking object as if no debug info
clapack15.0x64.lib(dlaswp.obj) : warning LNK4099: PDB '' was not found with 'clapack15.0x64.lib(dlaswp.obj)' or at ''; linking object as if no debug info
clapack15.0x64.lib(dtrtri.obj) : warning LNK4099: PDB '' was not found with 'clapack15.0x64.lib(dtrtri.obj)' or at ''; linking object as if no debug info
clapack15.0x64.lib(dlasr.obj) : warning LNK4099: PDB '' was not found with 'clapack15.0x64.lib(dlasr.obj)' or at ''; linking object as if no debug info
clapack15.0x64.lib(dlasd0.obj) : warning LNK4099: PDB '' was not found with 'clapack15.0x64.lib(dlasd0.obj)' or at ''; linking object as if no debug info
clapack15.0x64.lib(dlasda.obj) : warning LNK4099: PDB '' was not found with 'clapack15.0x64.lib(dlasda.obj)' or at ''; linking object as if no debug info
clapack15.0x64.lib(dlasdq.obj) : warning LNK4099: PDB '' was not found with 'clapack15.0x64.lib(dlasdq.obj)' or at ''; linking object as if no debug info
clapack15.0x64.lib(dlartg.obj) : warning LNK4099: PDB '' was not found with 'clapack15.0x64.lib(dlartg.obj)' or at ''; linking object as if no debug info
clapack15.0x64.lib(dlanst.obj) : warning LNK4099: PDB '' was not found with 'clapack15.0x64.lib(dlanst.obj)' or at ''; linking object as if no debug info
clapack15.0x64.lib(dgebd2.obj) : warning LNK4099: PDB '' was not found with 'clapack15.0x64.lib(dgebd2.obj)' or at ''; linking object as if no debug info
clapack15.0x64.lib(dlabrd.obj) : warning LNK4099: PDB '' was not found with 'clapack15.0x64.lib(dlabrd.obj)' or at ''; linking object as if no debug info
clapack15.0x64.lib(dlassq.obj) : warning LNK4099: PDB '' was not found with 'clapack15.0x64.lib(dlassq.obj)' or at ''; linking object as if no debug info
clapack15.0x64.lib(dgelq2.obj) : warning LNK4099: PDB '' was not found with 'clapack15.0x64.lib(dgelq2.obj)' or at ''; linking object as if no debug info
clapack15.0x64.lib(ieeeck.obj) : warning LNK4099: PDB '' was not found with 'clapack15.0x64.lib(ieeeck.obj)' or at ''; linking object as if no debug info
clapack15.0x64.lib(iparmq.obj) : warning LNK4099: PDB '' was not found with 'clapack15.0x64.lib(iparmq.obj)' or at ''; linking object as if no debug info
clapack15.0x64.lib(dormlq.obj) : warning LNK4099: PDB '' was not found with 'clapack15.0x64.lib(dormlq.obj)' or at ''; linking object as if no debug info
clapack15.0x64.lib(dormqr.obj) : warning LNK4099: PDB '' was not found with 'clapack15.0x64.lib(dormqr.obj)' or at ''; linking object as if no debug info
clapack15.0x64.lib(dorgl2.obj) : warning LNK4099: PDB '' was not found with 'clapack15.0x64.lib(dorgl2.obj)' or at ''; linking object as if no debug info
clapack15.0x64.lib(dlarf.obj) : warning LNK4099: PDB '' was not found with 'clapack15.0x64.lib(dlarf.obj)' or at ''; linking object as if no debug info
clapack15.0x64.lib(dlarfg.obj) : warning LNK4099: PDB '' was not found with 'clapack15.0x64.lib(dlarfg.obj)' or at ''; linking object as if no debug info
clapack15.0x64.lib(dpotf2.obj) : warning LNK4099: PDB '' was not found with 'clapack15.0x64.lib(dpotf2.obj)' or at ''; linking object as if no debug info
clapack15.0x64.lib(dsygs2.obj) : warning LNK4099: PDB '' was not found with 'clapack15.0x64.lib(dsygs2.obj)' or at ''; linking object as if no debug info
clapack15.0x64.lib(dstein.obj) : warning LNK4099: PDB '' was not found with 'clapack15.0x64.lib(dstein.obj)' or at ''; linking object as if no debug info
clapack15.0x64.lib(dsterf.obj) : warning LNK4099: PDB '' was not found with 'clapack15.0x64.lib(dsterf.obj)' or at ''; linking object as if no debug info
clapack15.0x64.lib(dlansy.obj) : warning LNK4099: PDB '' was not found with 'clapack15.0x64.lib(dlansy.obj)' or at ''; linking object as if no debug info
clapack15.0x64.lib(dstebz.obj) : warning LNK4099: PDB '' was not found with 'clapack15.0x64.lib(dstebz.obj)' or at ''; linking object as if no debug info
clapack15.0x64.lib(dorgtr.obj) : warning LNK4099: PDB '' was not found with 'clapack15.0x64.lib(dorgtr.obj)' or at ''; linking object as if no debug info
clapack15.0x64.lib(dsteqr.obj) : warning LNK4099: PDB '' was not found with 'clapack15.0x64.lib(dsteqr.obj)' or at ''; linking object as if no debug info
clapack15.0x64.lib(dormtr.obj) : warning LNK4099: PDB '' was not found with 'clapack15.0x64.lib(dormtr.obj)' or at ''; linking object as if no debug info
clapack15.0x64.lib(dsytrd.obj) : warning LNK4099: PDB '' was not found with 'clapack15.0x64.lib(dsytrd.obj)' or at ''; linking object as if no debug info
clapack15.0x64.lib(dtrti2.obj) : warning LNK4099: PDB '' was not found with 'clapack15.0x64.lib(dtrti2.obj)' or at ''; linking object as if no debug info
clapack15.0x64.lib(dlasd1.obj) : warning LNK4099: PDB '' was not found with 'clapack15.0x64.lib(dlasd1.obj)' or at ''; linking object as if no debug info
clapack15.0x64.lib(dlasdt.obj) : warning LNK4099: PDB '' was not found with 'clapack15.0x64.lib(dlasdt.obj)' or at ''; linking object as if no debug info
clapack15.0x64.lib(dlasd6.obj) : warning LNK4099: PDB '' was not found with 'clapack15.0x64.lib(dlasd6.obj)' or at ''; linking object as if no debug info
clapack15.0x64.lib(dbdsqr.obj) : warning LNK4099: PDB '' was not found with 'clapack15.0x64.lib(dbdsqr.obj)' or at ''; linking object as if no debug info
clapack15.0x64.lib(dorml2.obj) : warning LNK4099: PDB '' was not found with 'clapack15.0x64.lib(dorml2.obj)' or at ''; linking object as if no debug info
clapack15.0x64.lib(dorm2r.obj) : warning LNK4099: PDB '' was not found with 'clapack15.0x64.lib(dorm2r.obj)' or at ''; linking object as if no debug info
clapack15.0x64.lib(dlapy2.obj) : warning LNK4099: PDB '' was not found with 'clapack15.0x64.lib(dlapy2.obj)' or at ''; linking object as if no debug info
clapack15.0x64.lib(dlagtf.obj) : warning LNK4099: PDB '' was not found with 'clapack15.0x64.lib(dlagtf.obj)' or at ''; linking object as if no debug info
clapack15.0x64.lib(dlagts.obj) : warning LNK4099: PDB '' was not found with 'clapack15.0x64.lib(dlagts.obj)' or at ''; linking object as if no debug info
clapack15.0x64.lib(dlarnv.obj) : warning LNK4099: PDB '' was not found with 'clapack15.0x64.lib(dlarnv.obj)' or at ''; linking object as if no debug info
clapack15.0x64.lib(dlae2.obj) : warning LNK4099: PDB '' was not found with 'clapack15.0x64.lib(dlae2.obj)' or at ''; linking object as if no debug info
clapack15.0x64.lib(dlasrt.obj) : warning LNK4099: PDB '' was not found with 'clapack15.0x64.lib(dlasrt.obj)' or at ''; linking object as if no debug info
clapack15.0x64.lib(dlaebz.obj) : warning LNK4099: PDB '' was not found with 'clapack15.0x64.lib(dlaebz.obj)' or at ''; linking object as if no debug info
clapack15.0x64.lib(dorgql.obj) : warning LNK4099: PDB '' was not found with 'clapack15.0x64.lib(dorgql.obj)' or at ''; linking object as if no debug info
clapack15.0x64.lib(dlaev2.obj) : warning LNK4099: PDB '' was not found with 'clapack15.0x64.lib(dlaev2.obj)' or at ''; linking object as if no debug info
clapack15.0x64.lib(dormql.obj) : warning LNK4099: PDB '' was not found with 'clapack15.0x64.lib(dormql.obj)' or at ''; linking object as if no debug info
clapack15.0x64.lib(dsytd2.obj) : warning LNK4099: PDB '' was not found with 'clapack15.0x64.lib(dsytd2.obj)' or at ''; linking object as if no debug info
clapack15.0x64.lib(dlatrd.obj) : warning LNK4099: PDB '' was not found with 'clapack15.0x64.lib(dlatrd.obj)' or at ''; linking object as if no debug info
clapack15.0x64.lib(dlasd2.obj) : warning LNK4099: PDB '' was not found with 'clapack15.0x64.lib(dlasd2.obj)' or at ''; linking object as if no debug info
clapack15.0x64.lib(dlasd3.obj) : warning LNK4099: PDB '' was not found with 'clapack15.0x64.lib(dlasd3.obj)' or at ''; linking object as if no debug info
clapack15.0x64.lib(dlamrg.obj) : warning LNK4099: PDB '' was not found with 'clapack15.0x64.lib(dlamrg.obj)' or at ''; linking object as if no debug info
clapack15.0x64.lib(dlasd7.obj) : warning LNK4099: PDB '' was not found with 'clapack15.0x64.lib(dlasd7.obj)' or at ''; linking object as if no debug info
clapack15.0x64.lib(dlasd8.obj) : warning LNK4099: PDB '' was not found with 'clapack15.0x64.lib(dlasd8.obj)' or at ''; linking object as if no debug info
clapack15.0x64.lib(dlas2.obj) : warning LNK4099: PDB '' was not found with 'clapack15.0x64.lib(dlas2.obj)' or at ''; linking object as if no debug info
clapack15.0x64.lib(dlasq1.obj) : warning LNK4099: PDB '' was not found with 'clapack15.0x64.lib(dlasq1.obj)' or at ''; linking object as if no debug info
clapack15.0x64.lib(dlasv2.obj) : warning LNK4099: PDB '' was not found with 'clapack15.0x64.lib(dlasv2.obj)' or at ''; linking object as if no debug info
clapack15.0x64.lib(dlaruv.obj) : warning LNK4099: PDB '' was not found with 'clapack15.0x64.lib(dlaruv.obj)' or at ''; linking object as if no debug info
clapack15.0x64.lib(dorg2l.obj) : warning LNK4099: PDB '' was not found with 'clapack15.0x64.lib(dorg2l.obj)' or at ''; linking object as if no debug info
clapack15.0x64.lib(dorm2l.obj) : warning LNK4099: PDB '' was not found with 'clapack15.0x64.lib(dorm2l.obj)' or at ''; linking object as if no debug info
clapack15.0x64.lib(dlasd4.obj) : warning LNK4099: PDB '' was not found with 'clapack15.0x64.lib(dlasd4.obj)' or at ''; linking object as if no debug info
clapack15.0x64.lib(dlasq2.obj) : warning LNK4099: PDB '' was not found with 'clapack15.0x64.lib(dlasq2.obj)' or at ''; linking object as if no debug info
clapack15.0x64.lib(dlaed6.obj) : warning LNK4099: PDB '' was not found with 'clapack15.0x64.lib(dlaed6.obj)' or at ''; linking object as if no debug info
clapack15.0x64.lib(dlasd5.obj) : warning LNK4099: PDB '' was not found with 'clapack15.0x64.lib(dlasd5.obj)' or at ''; linking object as if no debug info
clapack15.0x64.lib(dlazq3.obj) : warning LNK4099: PDB '' was not found with 'clapack15.0x64.lib(dlazq3.obj)' or at ''; linking object as if no debug info
clapack15.0x64.lib(dlasq5.obj) : warning LNK4099: PDB '' was not found with 'clapack15.0x64.lib(dlasq5.obj)' or at ''; linking object as if no debug info
clapack15.0x64.lib(dlasq6.obj) : warning LNK4099: PDB '' was not found with 'clapack15.0x64.lib(dlasq6.obj)' or at ''; linking object as if no debug info
clapack15.0x64.lib(dlazq4.obj) : warning LNK4099: PDB '' was not found with 'clapack15.0x64.lib(dlazq4.obj)' or at ''; linking object as if no debug info
libboost_regex-vc140-mt-1_43.lib(instances.obj) : warning LNK4099: PDB '' was not found with 'libboost_regex-vc140-mt-1_43.lib(instances.obj)' or at ''; linking object as if no debug info
libboost_regex-vc140-mt-1_43.lib(regex.obj) : warning LNK4099: PDB '' was not found with 'libboost_regex-vc140-mt-1_43.lib(regex.obj)' or at ''; linking object as if no debug info
libboost_regex-vc140-mt-1_43.lib(regex_traits_defaults.obj) : warning LNK4099: PDB '' was not found with 'libboost_regex-vc140-mt-1_43.lib(regex_traits_defaults.obj)' or at ''; linking object as if no debug info
libboost_regex-vc140-mt-1_43.lib(static_mutex.obj) : warning LNK4099: PDB '' was not found with 'libboost_regex-vc140-mt-1_43.lib(static_mutex.obj)' or at ''; linking object as if no debug info
libboost_regex-vc140-mt-1_43.lib(w32_regex_traits.obj) : warning LNK4099: PDB '' was not found with 'libboost_regex-vc140-mt-1_43.lib(w32_regex_traits.obj)' or at ''; linking object as if no debug info
libboost_regex-vc140-mt-1_43.lib(regex_raw_buffer.obj) : warning LNK4099: PDB '' was not found with 'libboost_regex-vc140-mt-1_43.lib(regex_raw_buffer.obj)' or at ''; linking object as if no debug info
libf2c15.0x64.lib(d_sign.obj) : warning LNK4099: PDB '' was not found with 'libf2c15.0x64.lib(d_sign.obj)' or at ''; linking object as if no debug info
libf2c15.0x64.lib(pow_di.obj) : warning LNK4099: PDB '' was not found with 'libf2c15.0x64.lib(pow_di.obj)' or at ''; linking object as if no debug info
libf2c15.0x64.lib(wsfe.obj) : warning LNK4099: PDB '' was not found with 'libf2c15.0x64.lib(wsfe.obj)' or at ''; linking object as if no debug info
libf2c15.0x64.lib(fmt.obj) : warning LNK4099: PDB '' was not found with 'libf2c15.0x64.lib(fmt.obj)' or at ''; linking object as if no debug info
libf2c15.0x64.lib(sfe.obj) : warning LNK4099: PDB '' was not found with 'libf2c15.0x64.lib(sfe.obj)' or at ''; linking object as if no debug info
libf2c15.0x64.lib(s_copy.obj) : warning LNK4099: PDB '' was not found with 'libf2c15.0x64.lib(s_copy.obj)' or at ''; linking object as if no debug info
libf2c15.0x64.lib(s_cmp.obj) : warning LNK4099: PDB '' was not found with 'libf2c15.0x64.lib(s_cmp.obj)' or at ''; linking object as if no debug info
libf2c15.0x64.lib(s_cat.obj) : warning LNK4099: PDB '' was not found with 'libf2c15.0x64.lib(s_cat.obj)' or at ''; linking object as if no debug info
libf2c15.0x64.lib(pow_ii.obj) : warning LNK4099: PDB '' was not found with 'libf2c15.0x64.lib(pow_ii.obj)' or at ''; linking object as if no debug info
libf2c15.0x64.lib(i_nint.obj) : warning LNK4099: PDB '' was not found with 'libf2c15.0x64.lib(i_nint.obj)' or at ''; linking object as if no debug info
libf2c15.0x64.lib(pow_dd.obj) : warning LNK4099: PDB '' was not found with 'libf2c15.0x64.lib(pow_dd.obj)' or at ''; linking object as if no debug info
libf2c15.0x64.lib(open.obj) : warning LNK4099: PDB '' was not found with 'libf2c15.0x64.lib(open.obj)' or at ''; linking object as if no debug info
libf2c15.0x64.lib(err.obj) : warning LNK4099: PDB '' was not found with 'libf2c15.0x64.lib(err.obj)' or at ''; linking object as if no debug info
libf2c15.0x64.lib(wrtfmt.obj) : warning LNK4099: PDB '' was not found with 'libf2c15.0x64.lib(wrtfmt.obj)' or at ''; linking object as if no debug info
libf2c15.0x64.lib(sig_die.obj) : warning LNK4099: PDB '' was not found with 'libf2c15.0x64.lib(sig_die.obj)' or at ''; linking object as if no debug info
libf2c15.0x64.lib(f77_aloc.obj) : warning LNK4099: PDB '' was not found with 'libf2c15.0x64.lib(f77_aloc.obj)' or at ''; linking object as if no debug info
libf2c15.0x64.lib(util.obj) : warning LNK4099: PDB '' was not found with 'libf2c15.0x64.lib(util.obj)' or at ''; linking object as if no debug info
libf2c15.0x64.lib(close.obj) : warning LNK4099: PDB '' was not found with 'libf2c15.0x64.lib(close.obj)' or at ''; linking object as if no debug info
libf2c15.0x64.lib(wref.obj) : warning LNK4099: PDB '' was not found with 'libf2c15.0x64.lib(wref.obj)' or at ''; linking object as if no debug info
libf2c15.0x64.lib(fmtlib.obj) : warning LNK4099: PDB '' was not found with 'libf2c15.0x64.lib(fmtlib.obj)' or at ''; linking object as if no debug info
libf2c15.0x64.lib(exit_.obj) : warning LNK4099: PDB '' was not found with 'libf2c15.0x64.lib(exit_.obj)' or at ''; linking object as if no debug info
libf2c15.0x64.lib(endfile.obj) : warning LNK4099: PDB '' was not found with 'libf2c15.0x64.lib(endfile.obj)' or at ''; linking object as if no debug info
blas15.0x64.lib(dgemm.obj) : warning LNK4099: PDB '' was not found with 'blas15.0x64.lib(dgemm.obj)' or at ''; linking object as if no debug info
blas15.0x64.lib(dtrmm.obj) : warning LNK4099: PDB '' was not found with 'blas15.0x64.lib(dtrmm.obj)' or at ''; linking object as if no debug info
blas15.0x64.lib(dtrsm.obj) : warning LNK4099: PDB '' was not found with 'blas15.0x64.lib(dtrsm.obj)' or at ''; linking object as if no debug info
blas15.0x64.lib(dgemv.obj) : warning LNK4099: PDB '' was not found with 'blas15.0x64.lib(dgemv.obj)' or at ''; linking object as if no debug info
blas15.0x64.lib(dswap.obj) : warning LNK4099: PDB '' was not found with 'blas15.0x64.lib(dswap.obj)' or at ''; linking object as if no debug info
blas15.0x64.lib(dcopy.obj) : warning LNK4099: PDB '' was not found with 'blas15.0x64.lib(dcopy.obj)' or at ''; linking object as if no debug info
blas15.0x64.lib(dtrmv.obj) : warning LNK4099: PDB '' was not found with 'blas15.0x64.lib(dtrmv.obj)' or at ''; linking object as if no debug info
blas15.0x64.lib(dscal.obj) : warning LNK4099: PDB '' was not found with 'blas15.0x64.lib(dscal.obj)' or at ''; linking object as if no debug info
blas15.0x64.lib(dsyrk.obj) : warning LNK4099: PDB '' was not found with 'blas15.0x64.lib(dsyrk.obj)' or at ''; linking object as if no debug info
blas15.0x64.lib(dsymm.obj) : warning LNK4099: PDB '' was not found with 'blas15.0x64.lib(dsymm.obj)' or at ''; linking object as if no debug info
blas15.0x64.lib(dsyr2k.obj) : warning LNK4099: PDB '' was not found with 'blas15.0x64.lib(dsyr2k.obj)' or at ''; linking object as if no debug info
blas15.0x64.lib(dger.obj) : warning LNK4099: PDB '' was not found with 'blas15.0x64.lib(dger.obj)' or at ''; linking object as if no debug info
blas15.0x64.lib(idamax.obj) : warning LNK4099: PDB '' was not found with 'blas15.0x64.lib(idamax.obj)' or at ''; linking object as if no debug info
blas15.0x64.lib(dnrm2.obj) : warning LNK4099: PDB '' was not found with 'blas15.0x64.lib(dnrm2.obj)' or at ''; linking object as if no debug info
blas15.0x64.lib(ddot.obj) : warning LNK4099: PDB '' was not found with 'blas15.0x64.lib(ddot.obj)' or at ''; linking object as if no debug info
blas15.0x64.lib(dsyr2.obj) : warning LNK4099: PDB '' was not found with 'blas15.0x64.lib(dsyr2.obj)' or at ''; linking object as if no debug info
blas15.0x64.lib(daxpy.obj) : warning LNK4099: PDB '' was not found with 'blas15.0x64.lib(daxpy.obj)' or at ''; linking object as if no debug info
blas15.0x64.lib(dtrsv.obj) : warning LNK4099: PDB '' was not found with 'blas15.0x64.lib(dtrsv.obj)' or at ''; linking object as if no debug info
blas15.0x64.lib(dasum.obj) : warning LNK4099: PDB '' was not found with 'blas15.0x64.lib(dasum.obj)' or at ''; linking object as if no debug info
blas15.0x64.lib(drot.obj) : warning LNK4099: PDB '' was not found with 'blas15.0x64.lib(drot.obj)' or at ''; linking object as if no debug info
blas15.0x64.lib(dsymv.obj) : warning LNK4099: PDB '' was not found with 'blas15.0x64.lib(dsymv.obj)' or at ''; linking object as if no debug info
  MultiFinger16.0.vcxproj -> C:\Users\yunxiu\Experiments\Haptic\MultiFingerGrip\17.0\x64\Release\MultiFinger.exe
